<?xml version="1.0" encoding="UTF-8"?>
<coverage generated="1689178676288" clover="3.2.0">
  <project timestamp="1689178676289" name="All files">
    <metrics statements="104" coveredstatements="104" conditionals="28" coveredconditionals="26" methods="10" coveredmethods="9" elements="142" coveredelements="139" complexity="0" loc="104" ncloc="104" packages="1" files="3" classes="3"/>
    <file name="calculator.jsx" path="D:\react\aprende-tdd\src\calculator.jsx">
      <metrics statements="36" coveredstatements="36" conditionals="10" coveredconditionals="10" methods="8" coveredmethods="7"/>
      <line num="1" count="1" type="stmt"/>
      <line num="2" count="1" type="stmt"/>
      <line num="3" count="1" type="cond" truecount="1" falsecount="0"/>
      <line num="4" count="1" type="cond" truecount="1" falsecount="0"/>
      <line num="5" count="22" type="stmt"/>
      <line num="6" count="22" type="stmt"/>
      <line num="7" count="22" type="stmt"/>
      <line num="8" count="22" type="stmt"/>
      <line num="9" count="22" type="cond" truecount="1" falsecount="0"/>
      <line num="10" count="22" type="cond" truecount="1" falsecount="0"/>
      <line num="11" count="1" type="stmt"/>
      <line num="12" count="1" type="stmt"/>
      <line num="13" count="1" type="stmt"/>
      <line num="14" count="22" type="stmt"/>
      <line num="15" count="22" type="stmt"/>
      <line num="16" count="22" type="stmt"/>
      <line num="17" count="22" type="stmt"/>
      <line num="18" count="22" type="stmt"/>
      <line num="19" count="22" type="cond" truecount="1" falsecount="0"/>
      <line num="20" count="88" type="stmt"/>
      <line num="21" count="88" type="cond" truecount="1" falsecount="0"/>
      <line num="22" count="220" type="cond" truecount="1" falsecount="0"/>
      <line num="23" count="220" type="stmt"/>
      <line num="24" count="220" type="stmt"/>
      <line num="25" count="88" type="stmt"/>
      <line num="26" count="88" type="stmt"/>
      <line num="27" count="22" type="stmt"/>
      <line num="28" count="22" type="cond" truecount="1" falsecount="0"/>
      <line num="29" count="88" type="cond" truecount="1" falsecount="0"/>
      <line num="30" count="22" type="stmt"/>
      <line num="31" count="22" type="stmt"/>
      <line num="32" count="22" type="stmt"/>
      <line num="33" count="22" type="stmt"/>
      <line num="34" count="22" type="stmt"/>
      <line num="35" count="22" type="stmt"/>
      <line num="36" count="11" type="cond" truecount="1" falsecount="0"/>
    </file>
    <file name="canConfigure.js" path="D:\react\aprende-tdd\src\canConfigure.js">
      <metrics statements="54" coveredstatements="54" conditionals="9" coveredconditionals="7" methods="1" coveredmethods="1"/>
      <line num="1" count="1" type="stmt"/>
      <line num="2" count="1" type="stmt"/>
      <line num="3" count="1" type="stmt"/>
      <line num="4" count="1" type="stmt"/>
      <line num="5" count="1" type="stmt"/>
      <line num="6" count="1" type="stmt"/>
      <line num="7" count="1" type="stmt"/>
      <line num="8" count="1" type="stmt"/>
      <line num="9" count="1" type="stmt"/>
      <line num="10" count="1" type="stmt"/>
      <line num="11" count="1" type="stmt"/>
      <line num="12" count="1" type="stmt"/>
      <line num="13" count="1" type="stmt"/>
      <line num="14" count="1" type="stmt"/>
      <line num="15" count="1" type="stmt"/>
      <line num="16" count="1" type="stmt"/>
      <line num="17" count="1" type="stmt"/>
      <line num="18" count="1" type="stmt"/>
      <line num="19" count="1" type="stmt"/>
      <line num="20" count="1" type="stmt"/>
      <line num="21" count="1" type="stmt"/>
      <line num="22" count="1" type="stmt"/>
      <line num="23" count="1" type="stmt"/>
      <line num="24" count="1" type="stmt"/>
      <line num="25" count="1" type="stmt"/>
      <line num="26" count="1" type="stmt"/>
      <line num="27" count="1" type="stmt"/>
      <line num="28" count="1" type="cond" truecount="1" falsecount="0"/>
      <line num="29" count="7" type="stmt"/>
      <line num="30" count="7" type="stmt"/>
      <line num="31" count="7" type="cond" truecount="1" falsecount="0"/>
      <line num="32" count="7" type="cond" truecount="2" falsecount="0"/>
      <line num="33" count="4" type="cond" truecount="1" falsecount="0"/>
      <line num="34" count="4" type="stmt"/>
      <line num="35" count="7" type="cond" truecount="1" falsecount="0"/>
      <line num="36" count="2" type="stmt"/>
      <line num="37" count="2" type="stmt"/>
      <line num="38" count="7" type="cond" truecount="1" falsecount="0"/>
      <line num="39" count="1" type="stmt"/>
      <line num="40" count="1" type="stmt"/>
      <line num="41" count="1" type="stmt"/>
      <line num="42" count="1" type="stmt"/>
      <line num="43" count="1" type="stmt"/>
      <line num="44" count="1" type="stmt"/>
      <line num="45" count="1" type="stmt"/>
      <line num="46" count="1" type="stmt"/>
      <line num="47" count="1" type="stmt"/>
      <line num="48" count="1" type="cond" truecount="0" falsecount="2"/>
      <line num="49" count="1" type="stmt"/>
      <line num="50" count="1" type="stmt"/>
      <line num="51" count="1" type="stmt"/>
      <line num="52" count="1" type="stmt"/>
      <line num="53" count="1" type="stmt"/>
      <line num="54" count="1" type="stmt"/>
    </file>
    <file name="fizzbuzz.js" path="D:\react\aprende-tdd\src\fizzbuzz.js">
      <metrics statements="14" coveredstatements="14" conditionals="9" coveredconditionals="9" methods="1" coveredmethods="1"/>
      <line num="1" count="1" type="stmt"/>
      <line num="2" count="13" type="cond" truecount="2" falsecount="0"/>
      <line num="3" count="13" type="cond" truecount="2" falsecount="0"/>
      <line num="4" count="10" type="cond" truecount="1" falsecount="0"/>
      <line num="5" count="10" type="stmt"/>
      <line num="6" count="10" type="stmt"/>
      <line num="7" count="10" type="cond" truecount="1" falsecount="0"/>
      <line num="8" count="30" type="cond" truecount="1" falsecount="0"/>
      <line num="9" count="10" type="stmt"/>
      <line num="10" count="10" type="stmt"/>
      <line num="11" count="10" type="stmt"/>
      <line num="12" count="10" type="stmt"/>
      <line num="13" count="13" type="cond" truecount="2" falsecount="0"/>
      <line num="14" count="13" type="stmt"/>
    </file>
  </project>
</coverage>
