{"D:\\react\\aprende-tdd\\src\\calculator.jsx": {"path":"D:\\react\\aprende-tdd\\src\\calculator.jsx","all":false,"statementMap":{"0":{"start":{"line":1,"column":0},"end":{"line":1,"column":32}},"1":{"start":{"line":2,"column":0},"end":{"line":2,"column":33}},"2":{"start":{"line":3,"column":0},"end":{"line":3,"column":46}},"3":{"start":{"line":4,"column":0},"end":{"line":4,"column":33}},"4":{"start":{"line":5,"column":0},"end":{"line":5,"column":51}},"5":{"start":{"line":6,"column":0},"end":{"line":6,"column":53}},"6":{"start":{"line":7,"column":0},"end":{"line":7,"column":0}},"7":{"start":{"line":8,"column":0},"end":{"line":8,"column":40}},"8":{"start":{"line":9,"column":0},"end":{"line":9,"column":54}},"9":{"start":{"line":10,"column":0},"end":{"line":10,"column":29}},"10":{"start":{"line":11,"column":0},"end":{"line":11,"column":34}},"11":{"start":{"line":12,"column":0},"end":{"line":12,"column":20}},"12":{"start":{"line":13,"column":0},"end":{"line":13,"column":3}},"13":{"start":{"line":14,"column":0},"end":{"line":14,"column":10}},"14":{"start":{"line":15,"column":0},"end":{"line":15,"column":13}},"15":{"start":{"line":16,"column":0},"end":{"line":16,"column":25}},"16":{"start":{"line":17,"column":0},"end":{"line":17,"column":23}},"17":{"start":{"line":18,"column":0},"end":{"line":18,"column":40}},"18":{"start":{"line":19,"column":0},"end":{"line":19,"column":35}},"19":{"start":{"line":20,"column":0},"end":{"line":20,"column":38}},"20":{"start":{"line":21,"column":0},"end":{"line":21,"column":34}},"21":{"start":{"line":22,"column":0},"end":{"line":22,"column":71}},"22":{"start":{"line":23,"column":0},"end":{"line":23,"column":24}},"23":{"start":{"line":24,"column":0},"end":{"line":24,"column":23}},"24":{"start":{"line":25,"column":0},"end":{"line":25,"column":15}},"25":{"start":{"line":26,"column":0},"end":{"line":26,"column":16}},"26":{"start":{"line":27,"column":0},"end":{"line":27,"column":11}},"27":{"start":{"line":28,"column":0},"end":{"line":28,"column":40}},"28":{"start":{"line":29,"column":0},"end":{"line":29,"column":93}},"29":{"start":{"line":30,"column":0},"end":{"line":30,"column":11}},"30":{"start":{"line":31,"column":0},"end":{"line":31,"column":48}},"31":{"start":{"line":32,"column":0},"end":{"line":32,"column":59}},"32":{"start":{"line":33,"column":0},"end":{"line":33,"column":12}},"33":{"start":{"line":34,"column":0},"end":{"line":34,"column":14}},"34":{"start":{"line":35,"column":0},"end":{"line":35,"column":3}},"35":{"start":{"line":36,"column":0},"end":{"line":36,"column":1}}},"s":{"0":1,"1":1,"2":1,"3":1,"4":22,"5":22,"6":22,"7":22,"8":22,"9":22,"10":1,"11":1,"12":1,"13":22,"14":22,"15":22,"16":22,"17":22,"18":22,"19":88,"20":88,"21":220,"22":220,"23":220,"24":88,"25":88,"26":22,"27":22,"28":88,"29":22,"30":22,"31":22,"32":22,"33":22,"34":22,"35":11},"branchMap":{"0":{"type":"branch","line":3,"loc":{"start":{"line":3,"column":45},"end":{"line":3,"column":46}},"locations":[{"start":{"line":3,"column":45},"end":{"line":3,"column":46}}]},"1":{"type":"branch","line":4,"loc":{"start":{"line":4,"column":26},"end":{"line":36,"column":1}},"locations":[{"start":{"line":4,"column":26},"end":{"line":36,"column":1}}]},"2":{"type":"branch","line":9,"loc":{"start":{"line":9,"column":22},"end":{"line":9,"column":54}},"locations":[{"start":{"line":9,"column":22},"end":{"line":9,"column":54}}]},"3":{"type":"branch","line":10,"loc":{"start":{"line":10,"column":22},"end":{"line":13,"column":3}},"locations":[{"start":{"line":10,"column":22},"end":{"line":13,"column":3}}]},"4":{"type":"branch","line":19,"loc":{"start":{"line":19,"column":18},"end":{"line":26,"column":16}},"locations":[{"start":{"line":19,"column":18},"end":{"line":26,"column":16}}]},"5":{"type":"branch","line":21,"loc":{"start":{"line":21,"column":21},"end":{"line":24,"column":23}},"locations":[{"start":{"line":21,"column":21},"end":{"line":24,"column":23}}]},"6":{"type":"branch","line":22,"loc":{"start":{"line":22,"column":31},"end":{"line":22,"column":63}},"locations":[{"start":{"line":22,"column":31},"end":{"line":22,"column":63}}]},"7":{"type":"branch","line":28,"loc":{"start":{"line":28,"column":24},"end":{"line":29,"column":93}},"locations":[{"start":{"line":28,"column":24},"end":{"line":29,"column":93}}]},"8":{"type":"branch","line":29,"loc":{"start":{"line":29,"column":27},"end":{"line":29,"column":62}},"locations":[{"start":{"line":29,"column":27},"end":{"line":29,"column":62}}]},"9":{"type":"branch","line":36,"loc":{"start":{"line":36,"column":0},"end":{"line":36,"column":1}},"locations":[{"start":{"line":36,"column":0},"end":{"line":36,"column":1}}]}},"b":{"0":[1],"1":[22],"2":[10],"3":[1],"4":[88],"5":[220],"6":[8],"7":[88],"8":[2],"9":[11]},"fnMap":{"0":{"name":"get","decl":{"start":{"line":3,"column":45},"end":{"line":3,"column":46}},"loc":{"start":{"line":3,"column":45},"end":{"line":3,"column":46}},"line":3},"1":{"name":"Calculator","decl":{"start":{"line":4,"column":26},"end":{"line":36,"column":1}},"loc":{"start":{"line":4,"column":26},"end":{"line":36,"column":1}},"line":4},"2":{"name":"handleClick","decl":{"start":{"line":9,"column":22},"end":{"line":9,"column":54}},"loc":{"start":{"line":9,"column":22},"end":{"line":9,"column":54}},"line":9},"3":{"name":"handleEqual","decl":{"start":{"line":10,"column":22},"end":{"line":13,"column":3}},"loc":{"start":{"line":10,"column":22},"end":{"line":13,"column":3}},"line":10},"4":{"name":"onClick","decl":{"start":{"line":22,"column":31},"end":{"line":22,"column":63}},"loc":{"start":{"line":22,"column":31},"end":{"line":22,"column":63}},"line":22},"5":{"name":"onClick","decl":{"start":{"line":29,"column":27},"end":{"line":29,"column":62}},"loc":{"start":{"line":29,"column":27},"end":{"line":29,"column":62}},"line":29},"6":{"name":"onClick","decl":{"start":{"line":32,"column":25},"end":{"line":32,"column":45}},"loc":{"start":{"line":32,"column":25},"end":{"line":32,"column":45}},"line":32},"7":{"name":"get","decl":{"start":{"line":36,"column":0},"end":{"line":36,"column":1}},"loc":{"start":{"line":36,"column":0},"end":{"line":36,"column":1}},"line":36}},"f":{"0":1,"1":22,"2":10,"3":1,"4":8,"5":2,"6":0,"7":11}}
,"D:\\react\\aprende-tdd\\src\\canConfigure.js": {"path":"D:\\react\\aprende-tdd\\src\\canConfigure.js","all":false,"statementMap":{"0":{"start":{"line":1,"column":0},"end":{"line":1,"column":88}},"1":{"start":{"line":2,"column":0},"end":{"line":2,"column":0}},"2":{"start":{"line":3,"column":0},"end":{"line":3,"column":156}},"3":{"start":{"line":4,"column":0},"end":{"line":4,"column":0}},"4":{"start":{"line":5,"column":0},"end":{"line":5,"column":152}},"5":{"start":{"line":6,"column":0},"end":{"line":6,"column":0}},"6":{"start":{"line":7,"column":0},"end":{"line":7,"column":217}},"7":{"start":{"line":8,"column":0},"end":{"line":8,"column":0}},"8":{"start":{"line":9,"column":0},"end":{"line":9,"column":190}},"9":{"start":{"line":10,"column":0},"end":{"line":10,"column":0}},"10":{"start":{"line":11,"column":0},"end":{"line":11,"column":21}},"11":{"start":{"line":12,"column":0},"end":{"line":12,"column":21}},"12":{"start":{"line":13,"column":0},"end":{"line":13,"column":41}},"13":{"start":{"line":14,"column":0},"end":{"line":14,"column":34}},"14":{"start":{"line":15,"column":0},"end":{"line":15,"column":9}},"15":{"start":{"line":16,"column":0},"end":{"line":16,"column":9}},"16":{"start":{"line":17,"column":0},"end":{"line":17,"column":9}},"17":{"start":{"line":18,"column":0},"end":{"line":18,"column":5}},"18":{"start":{"line":19,"column":0},"end":{"line":19,"column":0}},"19":{"start":{"line":20,"column":0},"end":{"line":20,"column":21}},"20":{"start":{"line":21,"column":0},"end":{"line":21,"column":21}},"21":{"start":{"line":22,"column":0},"end":{"line":22,"column":42}},"22":{"start":{"line":23,"column":0},"end":{"line":23,"column":42}},"23":{"start":{"line":24,"column":0},"end":{"line":24,"column":9}},"24":{"start":{"line":25,"column":0},"end":{"line":25,"column":9}},"25":{"start":{"line":26,"column":0},"end":{"line":26,"column":13}},"26":{"start":{"line":27,"column":0},"end":{"line":27,"column":5}},"27":{"start":{"line":28,"column":0},"end":{"line":28,"column":43}},"28":{"start":{"line":29,"column":0},"end":{"line":29,"column":64}},"29":{"start":{"line":30,"column":0},"end":{"line":30,"column":0}},"30":{"start":{"line":31,"column":0},"end":{"line":31,"column":71}},"31":{"start":{"line":32,"column":0},"end":{"line":32,"column":67}},"32":{"start":{"line":33,"column":0},"end":{"line":33,"column":0}},"33":{"start":{"line":34,"column":0},"end":{"line":34,"column":48}},"34":{"start":{"line":35,"column":0},"end":{"line":35,"column":33}},"35":{"start":{"line":36,"column":0},"end":{"line":36,"column":0}},"36":{"start":{"line":37,"column":0},"end":{"line":37,"column":70}},"37":{"start":{"line":38,"column":0},"end":{"line":38,"column":41}},"38":{"start":{"line":39,"column":0},"end":{"line":39,"column":0}},"39":{"start":{"line":40,"column":0},"end":{"line":40,"column":28}},"40":{"start":{"line":41,"column":0},"end":{"line":41,"column":0}},"41":{"start":{"line":42,"column":0},"end":{"line":42,"column":53}},"42":{"start":{"line":43,"column":0},"end":{"line":43,"column":34}},"43":{"start":{"line":44,"column":0},"end":{"line":44,"column":30}},"44":{"start":{"line":45,"column":0},"end":{"line":45,"column":0}},"45":{"start":{"line":46,"column":0},"end":{"line":46,"column":52}},"46":{"start":{"line":47,"column":0},"end":{"line":47,"column":0}},"47":{"start":{"line":48,"column":0},"end":{"line":48,"column":63}},"48":{"start":{"line":49,"column":0},"end":{"line":49,"column":0}},"49":{"start":{"line":50,"column":0},"end":{"line":50,"column":42}},"50":{"start":{"line":51,"column":0},"end":{"line":51,"column":3}},"51":{"start":{"line":52,"column":0},"end":{"line":52,"column":0}},"52":{"start":{"line":53,"column":0},"end":{"line":53,"column":13}},"53":{"start":{"line":54,"column":0},"end":{"line":54,"column":1}}},"s":{"0":1,"1":1,"2":1,"3":1,"4":1,"5":1,"6":1,"7":1,"8":1,"9":1,"10":1,"11":1,"12":1,"13":1,"14":1,"15":1,"16":1,"17":1,"18":1,"19":1,"20":1,"21":1,"22":1,"23":1,"24":1,"25":1,"26":1,"27":1,"28":7,"29":7,"30":7,"31":7,"32":4,"33":4,"34":7,"35":2,"36":2,"37":7,"38":1,"39":1,"40":1,"41":1,"42":1,"43":1,"44":1,"45":1,"46":1,"47":1,"48":1,"49":1,"50":1,"51":1,"52":1,"53":1},"branchMap":{"0":{"type":"branch","line":28,"loc":{"start":{"line":28,"column":28},"end":{"line":54,"column":1}},"locations":[{"start":{"line":28,"column":28},"end":{"line":54,"column":1}}]},"1":{"type":"branch","line":31,"loc":{"start":{"line":31,"column":32},"end":{"line":31,"column":71}},"locations":[{"start":{"line":31,"column":32},"end":{"line":31,"column":71}}]},"2":{"type":"branch","line":32,"loc":{"start":{"line":32,"column":-2},"end":{"line":32,"column":30}},"locations":[{"start":{"line":32,"column":-2},"end":{"line":32,"column":30}}]},"3":{"type":"branch","line":32,"loc":{"start":{"line":32,"column":30},"end":{"line":32,"column":67}},"locations":[{"start":{"line":32,"column":30},"end":{"line":32,"column":67}}]},"4":{"type":"branch","line":33,"loc":{"start":{"line":33,"column":-2},"end":{"line":35,"column":21}},"locations":[{"start":{"line":33,"column":-2},"end":{"line":35,"column":21}}]},"5":{"type":"branch","line":35,"loc":{"start":{"line":35,"column":21},"end":{"line":38,"column":29}},"locations":[{"start":{"line":35,"column":21},"end":{"line":38,"column":29}}]},"6":{"type":"branch","line":38,"loc":{"start":{"line":38,"column":29},"end":{"line":54,"column":1}},"locations":[{"start":{"line":38,"column":29},"end":{"line":54,"column":1}}]},"7":{"type":"branch","line":48,"loc":{"start":{"line":48,"column":21},"end":{"line":48,"column":49}},"locations":[{"start":{"line":48,"column":21},"end":{"line":48,"column":49}}]},"8":{"type":"branch","line":48,"loc":{"start":{"line":48,"column":51},"end":{"line":48,"column":63}},"locations":[{"start":{"line":48,"column":51},"end":{"line":48,"column":63}}]}},"b":{"0":[7],"1":[2],"2":[5],"3":[1],"4":[4],"5":[2],"6":[1],"7":[0],"8":[0]},"fnMap":{"0":{"name":"canConfigure","decl":{"start":{"line":28,"column":28},"end":{"line":54,"column":1}},"loc":{"start":{"line":28,"column":28},"end":{"line":54,"column":1}},"line":28}},"f":{"0":7}}
,"D:\\react\\aprende-tdd\\src\\fizzbuzz.js": {"path":"D:\\react\\aprende-tdd\\src\\fizzbuzz.js","all":false,"statementMap":{"0":{"start":{"line":1,"column":0},"end":{"line":1,"column":37}},"1":{"start":{"line":2,"column":0},"end":{"line":2,"column":88}},"2":{"start":{"line":3,"column":0},"end":{"line":3,"column":82}},"3":{"start":{"line":4,"column":0},"end":{"line":4,"column":0}},"4":{"start":{"line":5,"column":0},"end":{"line":5,"column":56}},"5":{"start":{"line":6,"column":0},"end":{"line":6,"column":17}},"6":{"start":{"line":7,"column":0},"end":{"line":7,"column":62}},"7":{"start":{"line":8,"column":0},"end":{"line":8,"column":49}},"8":{"start":{"line":9,"column":0},"end":{"line":9,"column":4}},"9":{"start":{"line":10,"column":0},"end":{"line":10,"column":64}},"10":{"start":{"line":11,"column":0},"end":{"line":11,"column":40}},"11":{"start":{"line":12,"column":0},"end":{"line":12,"column":40}},"12":{"start":{"line":13,"column":0},"end":{"line":13,"column":40}},"13":{"start":{"line":14,"column":0},"end":{"line":14,"column":1}}},"s":{"0":1,"1":13,"2":13,"3":10,"4":10,"5":10,"6":10,"7":30,"8":10,"9":10,"10":10,"11":10,"12":13,"13":13},"branchMap":{"0":{"type":"branch","line":2,"loc":{"start":{"line":2,"column":-2},"end":{"line":14,"column":1}},"locations":[{"start":{"line":2,"column":-2},"end":{"line":14,"column":1}}]},"1":{"type":"branch","line":2,"loc":{"start":{"line":2,"column":34},"end":{"line":2,"column":88}},"locations":[{"start":{"line":2,"column":34},"end":{"line":2,"column":88}}]},"2":{"type":"branch","line":3,"loc":{"start":{"line":3,"column":-2},"end":{"line":3,"column":28}},"locations":[{"start":{"line":3,"column":-2},"end":{"line":3,"column":28}}]},"3":{"type":"branch","line":3,"loc":{"start":{"line":3,"column":28},"end":{"line":3,"column":82}},"locations":[{"start":{"line":3,"column":28},"end":{"line":3,"column":82}}]},"4":{"type":"branch","line":4,"loc":{"start":{"line":4,"column":-2},"end":{"line":13,"column":23}},"locations":[{"start":{"line":4,"column":-2},"end":{"line":13,"column":23}}]},"5":{"type":"branch","line":13,"loc":{"start":{"line":13,"column":23},"end":{"line":13,"column":31}},"locations":[{"start":{"line":13,"column":23},"end":{"line":13,"column":31}}]},"6":{"type":"branch","line":13,"loc":{"start":{"line":13,"column":32},"end":{"line":13,"column":40}},"locations":[{"start":{"line":13,"column":32},"end":{"line":13,"column":40}}]},"7":{"type":"branch","line":7,"loc":{"start":{"line":7,"column":37},"end":{"line":9,"column":3}},"locations":[{"start":{"line":7,"column":37},"end":{"line":9,"column":3}}]},"8":{"type":"branch","line":8,"loc":{"start":{"line":8,"column":35},"end":{"line":8,"column":49}},"locations":[{"start":{"line":8,"column":35},"end":{"line":8,"column":49}}]}},"b":{"0":[13],"1":[2],"2":[11],"3":[1],"4":[10],"5":[2],"6":[8],"7":[30],"8":[9]},"fnMap":{"0":{"name":"fizzbuzz","decl":{"start":{"line":2,"column":-2},"end":{"line":14,"column":1}},"loc":{"start":{"line":2,"column":-2},"end":{"line":14,"column":1}},"line":2}},"f":{"0":13}}
}
